<?xml version="1.0" encoding="UTF-8"?>
<!-- Generated by org.testng.reporters.JUnitReportReporter -->
<testsuite hostname="DESKTOP-9PA8N0S" failures="0" tests="7" name="Runner_files.Login_negative_scenario_runner" time="157.183" errors="0" timestamp="2021-05-03T21:28:01 IST" skipped="0">
  <testcase classname="Runner_files.Login_negative_scenario_runner" name="runScenario" time="8.704"/>
  <system-out/>
  <testcase classname="Runner_files.Login_negative_scenario_runner" name="runScenario" time="8.128"/>
  <system-out/>
  <testcase classname="Runner_files.Login_negative_scenario_runner" name="runScenario" time="8.766"/>
  <system-out/>
  <testcase classname="Runner_files.Login_negative_scenario_runner" name="runScenario" time="99.059"/>
  <system-out/>
  <testcase classname="Runner_files.Login_negative_scenario_runner" name="runScenario" time="14.841"/>
  <system-out/>
  <testcase classname="Runner_files.Login_negative_scenario_runner" name="runScenario" time="8.505"/>
  <system-out/>
  <testcase classname="Runner_files.Login_negative_scenario_runner" name="runScenario" time="9.180"/>
  <system-out/>
</testsuite> <!-- Runner_files.Login_negative_scenario_runner -->
