<?xml version="1.0" encoding="UTF-8"?>
<!-- Generated by org.testng.reporters.JUnitReportReporter -->
<testsuite hostname="DESKTOP-9PA8N0S" failures="0" tests="5" name="Runner_files.Forgot_negative_scenario_runner" time="150.614" errors="0" timestamp="2021-04-30T10:06:45 IST" skipped="0">
  <testcase classname="Runner_files.Forgot_negative_scenario_runner" name="runScenario" time="21.514"/>
  <system-out/>
  <testcase classname="Runner_files.Forgot_negative_scenario_runner" name="runScenario" time="60.539"/>
  <system-out/>
  <testcase classname="Runner_files.Forgot_negative_scenario_runner" name="runScenario" time="22.832"/>
  <system-out/>
  <testcase classname="Runner_files.Forgot_negative_scenario_runner" name="runScenario" time="22.931"/>
  <system-out/>
  <testcase classname="Runner_files.Forgot_negative_scenario_runner" name="runScenario" time="22.798"/>
  <system-out/>
</testsuite> <!-- Runner_files.Forgot_negative_scenario_runner -->
