<?xml version="1.0" encoding="UTF-8"?>
<!-- Generated by org.testng.reporters.JUnitReportReporter -->
<testsuite hostname="DESKTOP-9PA8N0S" failures="0" tests="10" name="Runner_files.Signup_negative_scenario_runner" time="213.754" errors="0" timestamp="2021-05-03T16:53:20 IST" skipped="0">
  <testcase classname="Runner_files.Signup_negative_scenario_runner" name="runScenario" time="18.569"/>
  <system-out/>
  <testcase classname="Runner_files.Signup_negative_scenario_runner" name="runScenario" time="68.152"/>
  <system-out/>
  <testcase classname="Runner_files.Signup_negative_scenario_runner" name="runScenario" time="22.930"/>
  <system-out/>
  <testcase classname="Runner_files.Signup_negative_scenario_runner" name="runScenario" time="7.295"/>
  <system-out/>
  <testcase classname="Runner_files.Signup_negative_scenario_runner" name="runScenario" time="30.002"/>
  <system-out/>
  <testcase classname="Runner_files.Signup_negative_scenario_runner" name="runScenario" time="10.944"/>
  <system-out/>
  <testcase classname="Runner_files.Signup_negative_scenario_runner" name="runScenario" time="8.750"/>
  <system-out/>
  <testcase classname="Runner_files.Signup_negative_scenario_runner" name="runScenario" time="13.700"/>
  <system-out/>
  <testcase classname="Runner_files.Signup_negative_scenario_runner" name="runScenario" time="15.041"/>
  <system-out/>
  <testcase classname="Runner_files.Signup_negative_scenario_runner" name="runScenario" time="18.371"/>
  <system-out/>
</testsuite> <!-- Runner_files.Signup_negative_scenario_runner -->
