<?xml version="1.0" encoding="UTF-8"?>
<!-- Generated by org.testng.reporters.JUnitReportReporter -->
<testsuite hostname="DESKTOP-9PA8N0S" failures="0" tests="7" name="Runner_files.Signup_positive_scenario_runner" time="105.990" errors="0" timestamp="2021-04-30T11:51:17 IST" skipped="0">
  <testcase classname="Runner_files.Signup_positive_scenario_runner" name="runScenario" time="26.546"/>
  <system-out/>
  <testcase classname="Runner_files.Signup_positive_scenario_runner" name="runScenario" time="7.283"/>
  <system-out/>
  <testcase classname="Runner_files.Signup_positive_scenario_runner" name="runScenario" time="8.323"/>
  <system-out/>
  <testcase classname="Runner_files.Signup_positive_scenario_runner" name="runScenario" time="28.198"/>
  <system-out/>
  <testcase classname="Runner_files.Signup_positive_scenario_runner" name="runScenario" time="13.810"/>
  <system-out/>
  <testcase classname="Runner_files.Signup_positive_scenario_runner" name="runScenario" time="13.016"/>
  <system-out/>
  <testcase classname="Runner_files.Signup_positive_scenario_runner" name="runScenario" time="8.814"/>
  <system-out/>
</testsuite> <!-- Runner_files.Signup_positive_scenario_runner -->
