<?xml version="1.0" encoding="UTF-8"?>
<!-- Generated by org.testng.reporters.JUnitReportReporter -->
<testsuite hostname="DESKTOP-9PA8N0S" failures="0" tests="3" name="Runner_files.Landing_positive_scenario_runner" time="56.034" errors="0" timestamp="2021-05-03T09:49:37 IST" skipped="0">
  <testcase classname="Runner_files.Landing_positive_scenario_runner" name="runScenario" time="37.266"/>
  <system-out/>
  <testcase classname="Runner_files.Landing_positive_scenario_runner" name="runScenario" time="3.092"/>
  <system-out/>
  <testcase classname="Runner_files.Landing_positive_scenario_runner" name="runScenario" time="15.676"/>
  <system-out/>
</testsuite> <!-- Runner_files.Landing_positive_scenario_runner -->
