<?xml version="1.0" encoding="UTF-8"?>
<!-- Generated by org.testng.reporters.JUnitReportReporter -->
<testsuite hostname="DESKTOP-9PA8N0S" failures="0" tests="3" name="Runner_files.Forgot_positive_scenario_runner" time="29.405" errors="0" timestamp="2021-04-29T16:07:17 IST" skipped="0">
  <testcase classname="Runner_files.Forgot_positive_scenario_runner" name="runScenario" time="22.513"/>
  <system-out/>
  <testcase classname="Runner_files.Forgot_positive_scenario_runner" name="runScenario" time="3.151"/>
  <system-out/>
  <testcase classname="Runner_files.Forgot_positive_scenario_runner" name="runScenario" time="3.741"/>
  <system-out/>
</testsuite> <!-- Runner_files.Forgot_positive_scenario_runner -->
